Analysis & Synthesis report for main
Sun Nov 24 22:23:31 2024
Quartus Prime Version 18.1.0 Build 625 09/12/2018 SJ Lite Edition


---------------------
; Table of Contents ;
---------------------
  1. Legal Notice
  2. Analysis & Synthesis Summary
  3. Analysis & Synthesis Settings
  4. Parallel Compilation
  5. Analysis & Synthesis Messages
  6. Analysis & Synthesis Suppressed Messages



----------------
; Legal Notice ;
----------------
Copyright (C) 2018  Intel Corporation. All rights reserved.
Your use of Intel Corporation's design tools, logic functions 
and other software and tools, and its AMPP partner logic 
functions, and any output files from any of the foregoing 
(including device programming or simulation files), and any 
associated documentation or information are expressly subject 
to the terms and conditions of the Intel Program License 
Subscription Agreement, the Intel Quartus Prime License Agreement,
the Intel FPGA IP License Agreement, or other applicable license
agreement, including, without limitation, that your use is for
the sole purpose of programming logic devices manufactured by
Intel and sold by Intel or its authorized distributors.  Please
refer to the applicable agreement for further details.



+---------------------------------------------------------------------------+
; Analysis & Synthesis Summary                                              ;
+-----------------------------+---------------------------------------------+
; Analysis & Synthesis Status ; Failed - Sun Nov 24 22:23:31 2024           ;
; Quartus Prime Version       ; 18.1.0 Build 625 09/12/2018 SJ Lite Edition ;
; Revision Name               ; main                                        ;
; Top-level Entity Name       ; main                                        ;
; Family                      ; Cyclone V                                   ;
; Logic utilization (in ALMs) ; N/A until Partition Merge                   ;
; Total registers             ; N/A until Partition Merge                   ;
; Total pins                  ; N/A until Partition Merge                   ;
; Total virtual pins          ; N/A until Partition Merge                   ;
; Total block memory bits     ; N/A until Partition Merge                   ;
; Total PLLs                  ; N/A until Partition Merge                   ;
; Total DLLs                  ; N/A until Partition Merge                   ;
+-----------------------------+---------------------------------------------+


+---------------------------------------------------------------------------------------------------------------------------+
; Analysis & Synthesis Settings                                                                                             ;
+---------------------------------------------------------------------------------+--------------------+--------------------+
; Option                                                                          ; Setting            ; Default Value      ;
+---------------------------------------------------------------------------------+--------------------+--------------------+
; Device                                                                          ; 5CSEMA5F31C6       ;                    ;
; Top-level entity name                                                           ; main               ; main               ;
; Family name                                                                     ; Cyclone V          ; Cyclone V          ;
; Use smart compilation                                                           ; Off                ; Off                ;
; Enable parallel Assembler and Timing Analyzer during compilation                ; On                 ; On                 ;
; Enable compact report table                                                     ; Off                ; Off                ;
; Restructure Multiplexers                                                        ; Auto               ; Auto               ;
; MLAB Add Timing Constraints For Mixed-Port Feed-Through Mode Setting Don't Care ; Off                ; Off                ;
; Create Debugging Nodes for IP Cores                                             ; Off                ; Off                ;
; Preserve fewer node names                                                       ; On                 ; On                 ;
; Intel FPGA IP Evaluation Mode                                                   ; Enable             ; Enable             ;
; Verilog Version                                                                 ; Verilog_2001       ; Verilog_2001       ;
; VHDL Version                                                                    ; VHDL_1993          ; VHDL_1993          ;
; State Machine Processing                                                        ; Auto               ; Auto               ;
; Safe State Machine                                                              ; Off                ; Off                ;
; Extract Verilog State Machines                                                  ; On                 ; On                 ;
; Extract VHDL State Machines                                                     ; On                 ; On                 ;
; Ignore Verilog initial constructs                                               ; Off                ; Off                ;
; Iteration limit for constant Verilog loops                                      ; 5000               ; 5000               ;
; Iteration limit for non-constant Verilog loops                                  ; 250                ; 250                ;
; Add Pass-Through Logic to Inferred RAMs                                         ; On                 ; On                 ;
; Infer RAMs from Raw Logic                                                       ; On                 ; On                 ;
; Parallel Synthesis                                                              ; On                 ; On                 ;
; DSP Block Balancing                                                             ; Auto               ; Auto               ;
; NOT Gate Push-Back                                                              ; On                 ; On                 ;
; Power-Up Don't Care                                                             ; On                 ; On                 ;
; Remove Redundant Logic Cells                                                    ; Off                ; Off                ;
; Remove Duplicate Registers                                                      ; On                 ; On                 ;
; Ignore CARRY Buffers                                                            ; Off                ; Off                ;
; Ignore CASCADE Buffers                                                          ; Off                ; Off                ;
; Ignore GLOBAL Buffers                                                           ; Off                ; Off                ;
; Ignore ROW GLOBAL Buffers                                                       ; Off                ; Off                ;
; Ignore LCELL Buffers                                                            ; Off                ; Off                ;
; Ignore SOFT Buffers                                                             ; On                 ; On                 ;
; Limit AHDL Integers to 32 Bits                                                  ; Off                ; Off                ;
; Optimization Technique                                                          ; Balanced           ; Balanced           ;
; Carry Chain Length                                                              ; 70                 ; 70                 ;
; Auto Carry Chains                                                               ; On                 ; On                 ;
; Auto Open-Drain Pins                                                            ; On                 ; On                 ;
; Perform WYSIWYG Primitive Resynthesis                                           ; Off                ; Off                ;
; Auto ROM Replacement                                                            ; On                 ; On                 ;
; Auto RAM Replacement                                                            ; On                 ; On                 ;
; Auto DSP Block Replacement                                                      ; On                 ; On                 ;
; Auto Shift Register Replacement                                                 ; Auto               ; Auto               ;
; Allow Shift Register Merging across Hierarchies                                 ; Auto               ; Auto               ;
; Auto Clock Enable Replacement                                                   ; On                 ; On                 ;
; Strict RAM Replacement                                                          ; Off                ; Off                ;
; Allow Synchronous Control Signals                                               ; On                 ; On                 ;
; Force Use of Synchronous Clear Signals                                          ; Off                ; Off                ;
; Auto Resource Sharing                                                           ; Off                ; Off                ;
; Allow Any RAM Size For Recognition                                              ; Off                ; Off                ;
; Allow Any ROM Size For Recognition                                              ; Off                ; Off                ;
; Allow Any Shift Register Size For Recognition                                   ; Off                ; Off                ;
; Use LogicLock Constraints during Resource Balancing                             ; On                 ; On                 ;
; Ignore translate_off and synthesis_off directives                               ; Off                ; Off                ;
; Timing-Driven Synthesis                                                         ; On                 ; On                 ;
; Report Parameter Settings                                                       ; On                 ; On                 ;
; Report Source Assignments                                                       ; On                 ; On                 ;
; Report Connectivity Checks                                                      ; On                 ; On                 ;
; Ignore Maximum Fan-Out Assignments                                              ; Off                ; Off                ;
; Synchronization Register Chain Length                                           ; 3                  ; 3                  ;
; Power Optimization During Synthesis                                             ; Normal compilation ; Normal compilation ;
; HDL message level                                                               ; Level2             ; Level2             ;
; Suppress Register Optimization Related Messages                                 ; Off                ; Off                ;
; Number of Removed Registers Reported in Synthesis Report                        ; 5000               ; 5000               ;
; Number of Swept Nodes Reported in Synthesis Report                              ; 5000               ; 5000               ;
; Number of Inverted Registers Reported in Synthesis Report                       ; 100                ; 100                ;
; Clock MUX Protection                                                            ; On                 ; On                 ;
; Auto Gated Clock Conversion                                                     ; Off                ; Off                ;
; Block Design Naming                                                             ; Auto               ; Auto               ;
; SDC constraint protection                                                       ; Off                ; Off                ;
; Synthesis Effort                                                                ; Auto               ; Auto               ;
; Shift Register Replacement - Allow Asynchronous Clear Signal                    ; On                 ; On                 ;
; Pre-Mapping Resynthesis Optimization                                            ; Off                ; Off                ;
; Analysis & Synthesis Message Level                                              ; Medium             ; Medium             ;
; Disable Register Merging Across Hierarchies                                     ; Auto               ; Auto               ;
; Resource Aware Inference For Block RAM                                          ; On                 ; On                 ;
; Automatic Parallel Synthesis                                                    ; On                 ; On                 ;
; Partial Reconfiguration Bitstream ID                                            ; Off                ; Off                ;
+---------------------------------------------------------------------------------+--------------------+--------------------+


+------------------------------------------+
; Parallel Compilation                     ;
+----------------------------+-------------+
; Processors                 ; Number      ;
+----------------------------+-------------+
; Number detected on machine ; 20          ;
; Maximum allowed            ; 14          ;
;                            ;             ;
; Average used               ; 1.00        ;
; Maximum used               ; 1           ;
;                            ;             ;
; Usage by Processor         ; % Time Used ;
;     Processor 1            ; 100.0%      ;
+----------------------------+-------------+


+-------------------------------+
; Analysis & Synthesis Messages ;
+-------------------------------+
Info: *******************************************************************
Info: Running Quartus Prime Analysis & Synthesis
    Info: Version 18.1.0 Build 625 09/12/2018 SJ Lite Edition
    Info: Processing started: Sun Nov 24 22:23:25 2024
Info: Command: quartus_map --read_settings_files=on --write_settings_files=off main -c main
Warning (18236): Number of processors has not been specified which may cause overloading on shared machines.  Set the global assignment NUM_PARALLEL_PROCESSORS in your QSF to an appropriate value for best performance.
Info (20030): Parallel compilation is enabled and will use 14 of the 14 processors detected
Info (12021): Found 1 design units, including 1 entities, in source file avconf/i2c_controller.v
    Info (12023): Found entity 1: I2C_Controller File: C:/Users/micha/Downloads/screenChange/avconf/I2C_Controller.v Line: 43
Info (12021): Found 1 design units, including 1 entities, in source file avconf/avconf.v
    Info (12023): Found entity 1: avconf File: C:/Users/micha/Downloads/screenChange/avconf/avconf.v Line: 1
Info (12021): Found 1 design units, including 1 entities, in source file audio_controller/audio_controller.v
    Info (12023): Found entity 1: Audio_Controller File: C:/Users/micha/Downloads/screenChange/Audio_Controller/Audio_Controller.v Line: 11
Info (12021): Found 1 design units, including 1 entities, in source file audio_controller/audio_clock.v
    Info (12023): Found entity 1: Audio_Clock File: C:/Users/micha/Downloads/screenChange/Audio_Controller/Audio_Clock.v Line: 39
Info (12021): Found 1 design units, including 1 entities, in source file audio_controller/altera_up_sync_fifo.v
    Info (12023): Found entity 1: Altera_UP_SYNC_FIFO File: C:/Users/micha/Downloads/screenChange/Audio_Controller/Altera_UP_SYNC_FIFO.v Line: 9
Info (12021): Found 1 design units, including 1 entities, in source file audio_controller/altera_up_clock_edge.v
    Info (12023): Found entity 1: Altera_UP_Clock_Edge File: C:/Users/micha/Downloads/screenChange/Audio_Controller/Altera_UP_Clock_Edge.v Line: 10
Info (12021): Found 1 design units, including 1 entities, in source file audio_controller/altera_up_audio_out_serializer.v
    Info (12023): Found entity 1: Altera_UP_Audio_Out_Serializer File: C:/Users/micha/Downloads/screenChange/Audio_Controller/Altera_UP_Audio_Out_Serializer.v Line: 9
Info (12021): Found 1 design units, including 1 entities, in source file audio_controller/altera_up_audio_in_deserializer.v
    Info (12023): Found entity 1: Altera_UP_Audio_In_Deserializer File: C:/Users/micha/Downloads/screenChange/Audio_Controller/Altera_UP_Audio_In_Deserializer.v Line: 9
Info (12021): Found 1 design units, including 1 entities, in source file audio_controller/altera_up_audio_bit_counter.v
    Info (12023): Found entity 1: Altera_UP_Audio_Bit_Counter File: C:/Users/micha/Downloads/screenChange/Audio_Controller/Altera_UP_Audio_Bit_Counter.v Line: 11
Info (12021): Found 1 design units, including 1 entities, in source file vga_adapter/vga_pll.v
    Info (12023): Found entity 1: vga_pll File: C:/Users/micha/Downloads/screenChange/vga_adapter/vga_pll.v Line: 36
Info (12021): Found 1 design units, including 1 entities, in source file vga_adapter/vga_controller.v
    Info (12023): Found entity 1: vga_controller File: C:/Users/micha/Downloads/screenChange/vga_adapter/vga_controller.v Line: 8
Info (12021): Found 1 design units, including 1 entities, in source file vga_adapter/vga_address_translator.v
    Info (12023): Found entity 1: vga_address_translator File: C:/Users/micha/Downloads/screenChange/vga_adapter/vga_address_translator.v Line: 4
Info (12021): Found 1 design units, including 1 entities, in source file vga_adapter/vga_adapter.v
    Info (12023): Found entity 1: vga_adapter File: C:/Users/micha/Downloads/screenChange/vga_adapter/vga_adapter.v Line: 51
Info (12021): Found 1 design units, including 1 entities, in source file /desim/demos/ps2_demo/ps2_controller.v
    Info (12023): Found entity 1: PS2_Controller File: C:/DESim/demos/ps2_demo/PS2_Controller.v Line: 10
Info (12021): Found 1 design units, including 1 entities, in source file /desim/demos/ps2_demo/altera_up_ps2_data_in.v
    Info (12023): Found entity 1: Altera_UP_PS2_Data_In File: C:/DESim/demos/ps2_demo/Altera_UP_PS2_Data_In.v Line: 10
Info (12021): Found 1 design units, including 1 entities, in source file /desim/demos/ps2_demo/altera_up_ps2_command_out.v
    Info (12023): Found entity 1: Altera_UP_PS2_Command_Out File: C:/DESim/demos/ps2_demo/Altera_UP_PS2_Command_Out.v Line: 10
Error (10170): Verilog HDL syntax error at main.v(336) near text: "(";  expecting ";". Check for and fix any syntax errors that appear immediately before or at the specified keyword. The Intel FPGA Knowledge Database contains many articles with specific details on how to resolve this error. Visit the Knowledge Database at https://www.altera.com/support/support-resources/knowledge-base/search.html and search for this specific error message number. File: C:/Users/micha/Downloads/screenChange/main.v Line: 336
Error (10112): Ignored design unit "main" at main.v(1) due to previous errors File: C:/Users/micha/Downloads/screenChange/main.v Line: 1
Error (10112): Ignored design unit "muxScreens" at main.v(373) due to previous errors File: C:/Users/micha/Downloads/screenChange/main.v Line: 373
Error (10112): Ignored design unit "xyscroll" at main.v(391) due to previous errors File: C:/Users/micha/Downloads/screenChange/main.v Line: 391
Error (10112): Ignored design unit "addressScroll" at main.v(417) due to previous errors File: C:/Users/micha/Downloads/screenChange/main.v Line: 417
Error (10112): Ignored design unit "updatePosition" at main.v(430) due to previous errors File: C:/Users/micha/Downloads/screenChange/main.v Line: 430
Error (10112): Ignored design unit "XCcounter" at main.v(444) due to previous errors File: C:/Users/micha/Downloads/screenChange/main.v Line: 444
Error (10112): Ignored design unit "UpDn_count" at main.v(459) due to previous errors File: C:/Users/micha/Downloads/screenChange/main.v Line: 459
Error (10112): Ignored design unit "DelayCounter" at main.v(477) due to previous errors File: C:/Users/micha/Downloads/screenChange/main.v Line: 477
Error (10112): Ignored design unit "slowCounter" at main.v(491) due to previous errors File: C:/Users/micha/Downloads/screenChange/main.v Line: 491
Error (10112): Ignored design unit "frame60" at main.v(507) due to previous errors File: C:/Users/micha/Downloads/screenChange/main.v Line: 507
Error (10112): Ignored design unit "ballMove" at main.v(515) due to previous errors File: C:/Users/micha/Downloads/screenChange/main.v Line: 515
Error (10112): Ignored design unit "seg7" at main.v(549) due to previous errors File: C:/Users/micha/Downloads/screenChange/main.v Line: 549
Error (10112): Ignored design unit "scoreHealth" at main.v(593) due to previous errors File: C:/Users/micha/Downloads/screenChange/main.v Line: 593
Error (10112): Ignored design unit "counter160" at main.v(605) due to previous errors File: C:/Users/micha/Downloads/screenChange/main.v Line: 605
Error (10112): Ignored design unit "nonMovingErase" at main.v(617) due to previous errors File: C:/Users/micha/Downloads/screenChange/main.v Line: 617
Error (10112): Ignored design unit "moveEnabling" at main.v(631) due to previous errors File: C:/Users/micha/Downloads/screenChange/main.v Line: 631
Info (12021): Found 0 design units, including 0 entities, in source file main.v
Info (12021): Found 1 design units, including 1 entities, in source file win.v
    Info (12023): Found entity 1: win File: C:/Users/micha/Downloads/screenChange/win.v Line: 39
Info (12021): Found 1 design units, including 1 entities, in source file loss.v
    Info (12023): Found entity 1: loss File: C:/Users/micha/Downloads/screenChange/loss.v Line: 39
Info (12021): Found 1 design units, including 1 entities, in source file mainmenu.v
    Info (12023): Found entity 1: MainMenu File: C:/Users/micha/Downloads/screenChange/MainMenu.v Line: 39
Info (12021): Found 1 design units, including 1 entities, in source file losegame.v
    Info (12023): Found entity 1: losegame File: C:/Users/micha/Downloads/screenChange/losegame.v Line: 39
Info (12021): Found 1 design units, including 1 entities, in source file ram40x22.v
    Info (12023): Found entity 1: ram40x22 File: C:/Users/micha/Downloads/screenChange/ram40x22.v Line: 39
Info (12021): Found 1 design units, including 1 entities, in source file level1.v
    Info (12023): Found entity 1: level1 File: C:/Users/micha/Downloads/screenChange/level1.v Line: 39
Info (144001): Generated suppressed messages file C:/Users/micha/Downloads/screenChange/output_files/main.map.smsg
Error: Quartus Prime Analysis & Synthesis was unsuccessful. 17 errors, 1 warning
    Error: Peak virtual memory: 4778 megabytes
    Error: Processing ended: Sun Nov 24 22:23:31 2024
    Error: Elapsed time: 00:00:06
    Error: Total CPU time (on all processors): 00:00:14


+------------------------------------------+
; Analysis & Synthesis Suppressed Messages ;
+------------------------------------------+
The suppressed messages can be found in C:/Users/micha/Downloads/screenChange/output_files/main.map.smsg.


